0 info it worked if it ends with ok
1 verbose cli [ 'node', '/usr/local/bin/npm', 'run', 'lint' ]
2 info using npm@1.4.14
3 info using node@v0.10.29
4 verbose run-script [ 'prelint', 'lint', 'postlint' ]
5 info prelint node-api@
6 info lint node-api@
7 verbose unsafe-perm in lifecycle true
8 info node-api@ Failed to exec lint script
9 error node-api@ lint: `jshint . && jscs .`
9 error Exit status 2
10 error Failed at the node-api@ lint script.
10 error This is most likely a problem with the node-api package,
10 error not with npm itself.
10 error Tell the author that this fails on your system:
10 error     jshint . && jscs .
10 error You can get their info via:
10 error     npm owner ls node-api
10 error There is likely additional logging output above.
11 error System Darwin 14.3.0
12 error command "node" "/usr/local/bin/npm" "run" "lint"
13 error cwd /Users/magnus/spid/sdk-js-event-tracking
14 error node -v v0.10.29
15 error npm -v 1.4.14
16 error code ELIFECYCLE
17 verbose exit [ 1, true ]
